current directory: /Users/ryota/Desktop/Rails/blog/vendor/bundle/ruby/2.5.0/bundler/gems/libv8-5fc4ac7aba79/ext/libv8
/Users/ryota/.rbenv/versions/2.5.7/bin/ruby -r ./siteconf20200322-12250-9vw21i.rb extconf.rb
creating Makefile
HEAD is now at 6ea79206e5 Version 7.3.492.27

WARNING: 'v8/third_party/perfetto' is no longer part of this client.
It is recommended that you manually remove it or use 'gclient sync -D' next time.

WARNING: 'v8/third_party/zlib' is no longer part of this client.
It is recommended that you manually remove it or use 'gclient sync -D' next time.

WARNING: 'v8/third_party/protobuf' is no longer part of this client.
It is recommended that you manually remove it or use 'gclient sync -D' next time.
________ running 'vpython v8/third_party/depot_tools/update_depot_tools_toggle.py --disable' in '/Users/ryota/Desktop/Rails/blog/vendor/bundle/ruby/2.5.0/bundler/gems/libv8-5fc4ac7aba79/vendor'
________ running 'vpython v8/build/landmines.py --landmine-scripts v8/tools/get_landmines.py' in '/Users/ryota/Desktop/Rails/blog/vendor/bundle/ruby/2.5.0/bundler/gems/libv8-5fc4ac7aba79/vendor'
________ running 'download_from_google_storage --no_resume --platform=darwin --no_auth --bucket chromium-clang-format -s v8/buildtools/mac/clang-format.sha1' in '/Users/ryota/Desktop/Rails/blog/vendor/bundle/ruby/2.5.0/bundler/gems/libv8-5fc4ac7aba79/vendor'
________ running 'download_from_google_storage --no_resume --platform=darwin --no_auth --bucket chromium-gn -s v8/buildtools/mac/gn.sha1' in '/Users/ryota/Desktop/Rails/blog/vendor/bundle/ruby/2.5.0/bundler/gems/libv8-5fc4ac7aba79/vendor'
________ running 'download_from_google_storage --no_resume --no_auth -u --bucket v8-wasm-spec-tests -s v8/test/wasm-spec-tests/tests.tar.gz.sha1' in '/Users/ryota/Desktop/Rails/blog/vendor/bundle/ruby/2.5.0/bundler/gems/libv8-5fc4ac7aba79/vendor'
________ running 'vpython v8/tools/clang/scripts/update.py' in '/Users/ryota/Desktop/Rails/blog/vendor/bundle/ruby/2.5.0/bundler/gems/libv8-5fc4ac7aba79/vendor'
________ running 'vpython v8/build/util/lastchange.py -o v8/build/util/LASTCHANGE' in '/Users/ryota/Desktop/Rails/blog/vendor/bundle/ruby/2.5.0/bundler/gems/libv8-5fc4ac7aba79/vendor'
Beginning compilation. This will take some time.
ERROR at //build/config/mac/mac_sdk.gni:68:5: Script returned non-zero exit code.
    exec_script("//build/mac/find_sdk.py", find_sdk_args, "list lines")
    ^----------
Current dir: /Users/ryota/Desktop/Rails/blog/vendor/bundle/ruby/2.5.0/bundler/gems/libv8-5fc4ac7aba79/vendor/v8/out.gn/libv8/
Command: python /Users/ryota/Desktop/Rails/blog/vendor/bundle/ruby/2.5.0/bundler/gems/libv8-5fc4ac7aba79/vendor/v8/build/mac/find_sdk.py --print_sdk_path 10.12
Returned 1.
stderr:

Traceback (most recent call last):
  File "/Users/ryota/Desktop/Rails/blog/vendor/bundle/ruby/2.5.0/bundler/gems/libv8-5fc4ac7aba79/vendor/v8/build/mac/find_sdk.py", line 104, in <module>
    print main()
  File "/Users/ryota/Desktop/Rails/blog/vendor/bundle/ruby/2.5.0/bundler/gems/libv8-5fc4ac7aba79/vendor/v8/build/mac/find_sdk.py", line 71, in main
    'to continue.')
__main__.SdkError: 'Install Xcode, launch it, accept the license agreement, and run `sudo xcode-select -s /path/to/Xcode.app` to continue.'

See //build/toolchain/mac/BUILD.gn:15:1: whence it was imported.
import("//build/config/mac/mac_sdk.gni")
^--------------------------------------
See //BUILD.gn:714:1: which caused the file to be included.
action("js2c_extras") {
^----------------------
ninja: Entering directory `out.gn/libv8'
ninja: error: loading 'build.ninja': No such file or directory
/Users/ryota/Desktop/Rails/blog/vendor/bundle/ruby/2.5.0/bundler/gems/libv8-5fc4ac7aba79/ext/libv8/location.rb:41:in `block in verify_installation!': libv8 did not install properly, expected binary v8 archive '/Users/ryota/Desktop/Rails/blog/vendor/bundle/ruby/2.5.0/bundler/gems/libv8-5fc4ac7aba79/vendor/v8/out.gn/libv8/obj/libv8_monolith.a'to exist, but it was not found (Libv8::Location::Vendor::ArchiveNotFound)
	from /Users/ryota/Desktop/Rails/blog/vendor/bundle/ruby/2.5.0/bundler/gems/libv8-5fc4ac7aba79/ext/libv8/location.rb:40:in `each'
	from /Users/ryota/Desktop/Rails/blog/vendor/bundle/ruby/2.5.0/bundler/gems/libv8-5fc4ac7aba79/ext/libv8/location.rb:40:in `verify_installation!'
	from /Users/ryota/Desktop/Rails/blog/vendor/bundle/ruby/2.5.0/bundler/gems/libv8-5fc4ac7aba79/ext/libv8/location.rb:26:in `install!'
	from extconf.rb:7:in `<main>'

extconf failed, exit code 1
